Watching for file changes with StatReloader
Performing system checks...

System check identified some issues:

WARNINGS:
todos.Todo: (models.W042) Auto-created primary key used when not defining a primary key type, by default 'django.db.models.AutoField'.
	HINT: Configure the DEFAULT_AUTO_FIELD setting or the TodosConfig.default_auto_field attribute to point to a subclass of AutoField, e.g. 'django.db.models.BigAutoField'.

System check identified 1 issue (0 silenced).
May 12, 2023 - 14:45:28
Django version 4.2.1, using settings 'todoApp.settings'
Starting development server at http://0.0.0.0:8000/
Quit the server with CONTROL-C.

[12/May/2023 14:45:33] "GET /todos/ HTTP/1.1" 200 3515
[12/May/2023 14:45:37] "GET /todos/2/delete HTTP/1.1" 302 0
[12/May/2023 14:45:38] "GET /todos/ HTTP/1.1" 200 2923
[12/May/2023 14:45:39] "GET /todos/3/delete HTTP/1.1" 302 0
[12/May/2023 14:45:39] "GET /todos/ HTTP/1.1" 200 2328
[12/May/2023 14:45:52] "POST /todos/add/ HTTP/1.1" 302 0
[12/May/2023 14:45:52] "GET /todos/ HTTP/1.1" 200 2912
[12/May/2023 14:45:56] "POST /todos/add/ HTTP/1.1" 302 0
[12/May/2023 14:45:56] "GET /todos/ HTTP/1.1" 200 3496
[12/May/2023 14:46:00] "POST /todos/add/ HTTP/1.1" 302 0
[12/May/2023 14:46:01] "GET /todos/ HTTP/1.1" 200 4080
[12/May/2023 14:46:12] "POST /todos/add/ HTTP/1.1" 302 0
[12/May/2023 14:46:13] "GET /todos/ HTTP/1.1" 200 4674
[12/May/2023 14:46:22] "POST /todos/add/ HTTP/1.1" 302 0
[12/May/2023 14:46:23] "GET /todos/ HTTP/1.1" 200 5264
[12/May/2023 14:46:29] "POST /todos/23/update HTTP/1.1" 302 0
[12/May/2023 14:46:29] "GET /todos/ HTTP/1.1" 200 5301
[12/May/2023 14:46:29] "GET /static/css/style.css HTTP/1.1" 304 0
[12/May/2023 14:46:31] "POST /todos/24/update HTTP/1.1" 302 0
[12/May/2023 14:46:31] "GET /todos/ HTTP/1.1" 200 5338
